+ ld obj/kern/kernel
+ mk obj/kern/kernel.img
the kernel.img size is 1376 KB
Physical memory: 131072K available, base = 640K, extended = 130432K
end[] is 0xf0258008,the kernel start at va:0xF0100000
check_page_free_list() succeeded!
check_page_alloc() succeeded!
check_page() succeeded!
check_kern_pgdir() succeeded!
check_page_free_list() succeeded!
check_page_installed_pgdir() succeeded!
SMP: CPU 0 found 4 CPU(s)
enabled interrupts: 1 2 4
SMP: CPU 1 starting
SMP: CPU 2 starting
SMP: CPU 3 starting
kbd create successfully!
FS is running
FS can do I/O
Device 1 presence: 1
CPU 1: 2 block cache is good
superblock is good
bitmap is good
CPU 0: 3 alloc_block is good
file_open is good
file_get_block is good
file_flush is good
CPU 0: 5 file_truncate is good
file rewrite is good
CPU 0: 7 CPU 1: 11 CPU 0: 13 CPU 1: 17 CPU 1: 19 CPU 1: 23 CPU 0: 29 CPU 1: 31 CPU 0: 37 CPU 0: 41 CPU 1: 43 CPU 1: 47 CPU 0: 53 CPU 0: 59 CPU 0: 61 CPU 0: 67 CPU 1: 71 CPU 1: 73 CPU 0: 79 CPU 1: 83 CPU 0: 89 CPU 1: 97 CPU 0: 101 CPU 0: 103 CPU 0: 107 CPU 0: 109 CPU 1: 113 CPU 1: 127 CPU 1: 131 CPU 1: 137 CPU 1: 139 CPU 1: 149 CPU 1: 151 CPU 1: 157 CPU 1: 163 CPU 1: 167 CPU 1: 173 CPU 1: 179 CPU 1: 181 CPU 1: 191 CPU 1: 193 CPU 1: 197 CPU 1: 199 CPU 1: 211 CPU 1: 223 CPU 1: 227 CPU 1: 229 CPU 1: 233 CPU 1: 239 CPU 1: 241 CPU 1: 251 CPU 1: 257 CPU 1: 263 CPU 1: 269 CPU 1: 271 CPU 1: 277 CPU 1: 281 CPU 1: 283 CPU 1: 293 CPU 1: 307 CPU 1: 311 CPU 1: 313 CPU 1: 317 CPU 1: 331 CPU 1: 337 CPU 1: 347 CPU 1: 349 CPU 1: 353 CPU 1: 359 CPU 1: 367 CPU 1: 373 CPU 1: 379 CPU 1: 383 CPU 1: 389 CPU 1: 397 CPU 1: 401 CPU 1: 409 CPU 1: 419 CPU 1: 421 CPU 1: 431 CPU 1: 433 CPU 1: 439 CPU 1: 443 CPU 1: 449 CPU 1: 457 CPU 1: 461 CPU 1: 463 CPU 1: 467 CPU 1: 479 CPU 1: 487 CPU 1: 491 CPU 1: 499 CPU 1: 503 CPU 1: 509 CPU 1: 521 CPU 1: 523 CPU 1: 541 CPU 1: 547 CPU 1: 557 CPU 1: 563 CPU 1: 569 CPU 1: 571 CPU 1: 577 CPU 1: 587 CPU 1: 593 CPU 1: 599 CPU 1: 601 CPU 1: 607 CPU 1: 613 CPU 1: 617 CPU 1: 619 CPU 1: 631 CPU 1: 641 CPU 1: 643 CPU 1: 647 CPU 1: 653 CPU 1: 659 CPU 1: 661 CPU 1: 673 CPU 1: 677 CPU 1: 683 CPU 1: 691 CPU 1: 701 CPU 1: 709 CPU 1: 719 CPU 1: 727 CPU 1: 733 CPU 1: 739 CPU 1: 743 CPU 1: 751 CPU 1: 757 CPU 1: 761 CPU 1: 769 CPU 1: 773 CPU 1: 787 CPU 1: 797 CPU 1: 809 CPU 1: 811 CPU 1: 821 CPU 1: 823 CPU 1: 827 CPU 1: 829 CPU 1: 839 CPU 1: 853 CPU 1: 857 CPU 1: 859 CPU 1: 863 CPU 1: 877 CPU 1: 881 CPU 1: 883 CPU 1: 887 CPU 1: 907 CPU 1: 911 CPU 1: 919 CPU 1: 929 CPU 1: 937 CPU 1: 941 CPU 1: 947 CPU 1: 953 CPU 1: 967 CPU 1: 971 CPU 1: 977 CPU 1: 983 CPU 1: 991 CPU 1: 997 CPU 1: 1009 CPU 1: 1013 CPU 1: 1019 CPU 1: 1021 CPU 1: 1031 CPU 1: 1033 CPU 1: 1039 CPU 1: 1049 CPU 1: 1051 CPU 1: 1061 CPU 1: 1063 CPU 1: 1069 CPU 1: 1087 CPU 1: 1091 CPU 1: 1093 CPU 1: 1097 CPU 1: 1103 CPU 1: 1109 CPU 1: 1117 CPU 1: 1123 CPU 1: 1129 CPU 1: 1151 CPU 1: 1153 CPU 1: 1163 CPU 1: 1171 CPU 1: 1181 CPU 1: 1187 CPU 1: 1193 CPU 1: 1201 CPU 1: 1213 CPU 1: 1217 CPU 1: 1223 CPU 1: 1229 CPU 1: 1231 CPU 1: 1237 CPU 1: 1249 CPU 1: 1259 CPU 1: 1277 CPU 1: 1279 CPU 1: 1283 CPU 1: 1289 CPU 1: 1291 CPU 1: 1297 CPU 1: 1301 CPU 1: 1303 CPU 1: 1307 CPU 1: 1319 CPU 1: 1321 CPU 1: 1327 CPU 1: 1361 CPU 1: 1367 CPU 1: 1373 CPU 1: 1381 CPU 1: 1399 CPU 1: 1409 CPU 1: 1423 CPU 1: 1427 CPU 1: 1429 CPU 1: 1433 CPU 1: 1439 CPU 1: 1447 CPU 1: 1451 CPU 1: 1453 CPU 1: 1459 CPU 1: 1471 CPU 1: 1481 CPU 1: 1483 CPU 1: 1487 CPU 1: 1489 CPU 1: 1493 CPU 1: 1499 CPU 1: 1511 CPU 1: 1523 CPU 1: 1531 CPU 1: 1543 CPU 1: 1549 CPU 1: 1553 CPU 1: 1559 CPU 1: 1567 CPU 1: 1571 CPU 1: 1579 CPU 1: 1583 CPU 1: 1597 CPU 1: 1601 CPU 1: 1607 CPU 1: 1609 CPU 1: 1613 CPU 1: 1619 CPU 1: 1621 CPU 1: 1627 CPU 1: 1637 CPU 1: 1657 CPU 1: 1663 CPU 1: 1667 CPU 1: 1669 CPU 1: 1693 CPU 1: 1697 CPU 1: 1699 CPU 1: 1709 CPU 1: 1721 CPU 1: 1723 CPU 1: 1733 CPU 1: 1741 CPU 1: 1747 CPU 1: 1753 CPU 1: 1759 CPU 1: 1777 CPU 1: 1783 CPU 1: 1787 CPU 1: 1789 CPU 1: 1801 CPU 1: 1811 CPU 1: 1823 CPU 1: 1831 CPU 1: 1847 CPU 1: 1861 CPU 1: 1867 CPU 1: 1871 CPU 1: 1873 CPU 1: 1877 CPU 1: 1879 CPU 1: 1889 CPU 1: 1901 CPU 1: 1907 CPU 1: 1913 CPU 1: 1931 CPU 1: 1933